<?xml version="1.0" encoding="UTF-8"?>
<!-- Generated by org.testng.reporters.JUnitReportReporter -->
<testsuite hostname="NHUTBM" name="com.bankguru.testcase.NewCustomerScript" tests="28" failures="0" timestamp="21 Apr 2019 07:05:01 GMT" time="25.632" errors="0">
  <testcase name="testcase_11" time="1.061" classname="com.bankguru.testcase.NewCustomerScript"/>
  <testcase name="testcase_06" time="1.075" classname="com.bankguru.testcase.NewCustomerScript"/>
  <testcase name="testcase_19" time="1.678" classname="com.bankguru.testcase.NewCustomerScript"/>
  <testcase name="testcase_26" time="0.767" classname="com.bankguru.testcase.NewCustomerScript"/>
  <testcase name="testcase_09" time="0.700" classname="com.bankguru.testcase.NewCustomerScript"/>
  <testcase name="testcase_16" time="0.658" classname="com.bankguru.testcase.NewCustomerScript"/>
  <testcase name="testcase_24" time="1.611" classname="com.bankguru.testcase.NewCustomerScript"/>
  <testcase name="testcase_12" time="0.646" classname="com.bankguru.testcase.NewCustomerScript"/>
  <testcase name="testcase_23" time="0.634" classname="com.bankguru.testcase.NewCustomerScript"/>
  <testcase name="testcase_02" time="0.653" classname="com.bankguru.testcase.NewCustomerScript"/>
  <testcase name="testcase_13" time="1.376" classname="com.bankguru.testcase.NewCustomerScript"/>
  <testcase name="testcase_29" time="0.697" classname="com.bankguru.testcase.NewCustomerScript"/>
  <testcase name="testcase_15" time="0.888" classname="com.bankguru.testcase.NewCustomerScript"/>
  <testcase name="testcase_20" time="0.632" classname="com.bankguru.testcase.NewCustomerScript"/>
  <testcase name="testcase_30" time="2.545" classname="com.bankguru.testcase.NewCustomerScript"/>
  <testcase name="testcase_04" time="0.644" classname="com.bankguru.testcase.NewCustomerScript"/>
  <testcase name="testcase_22" time="1.025" classname="com.bankguru.testcase.NewCustomerScript"/>
  <testcase name="testcase_05" time="0.659" classname="com.bankguru.testcase.NewCustomerScript"/>
  <testcase name="testcase_17" time="1.127" classname="com.bankguru.testcase.NewCustomerScript"/>
  <testcase name="testcase_27" time="0.840" classname="com.bankguru.testcase.NewCustomerScript"/>
  <testcase name="testcase_08" time="0.661" classname="com.bankguru.testcase.NewCustomerScript"/>
  <testcase name="testcase_25" time="0.776" classname="com.bankguru.testcase.NewCustomerScript"/>
  <testcase name="testcase_18" time="0.705" classname="com.bankguru.testcase.NewCustomerScript"/>
  <testcase name="testcase_14" time="0.720" classname="com.bankguru.testcase.NewCustomerScript"/>
  <testcase name="testcase_10" time="0.687" classname="com.bankguru.testcase.NewCustomerScript"/>
  <testcase name="testcase_03" time="0.786" classname="com.bankguru.testcase.NewCustomerScript"/>
  <testcase name="testcase_01" time="0.654" classname="com.bankguru.testcase.NewCustomerScript"/>
  <testcase name="testcase_21" time="0.727" classname="com.bankguru.testcase.NewCustomerScript"/>
</testsuite> <!-- com.bankguru.testcase.NewCustomerScript -->
