<?xml version="1.0" encoding="UTF-8"?>
<!-- Generated by org.testng.reporters.JUnitReportReporter -->
<testsuite hostname="NHUTBM" name="com.bankguru.testcase.EditCustomerScript" tests="20" failures="0" timestamp="21 Apr 2019 06:35:51 GMT" time="36.524" errors="0">
  <testcase name="testcase_13" time="1.964" classname="com.bankguru.testcase.EditCustomerScript"/>
  <testcase name="testcase_16" time="1.641" classname="com.bankguru.testcase.EditCustomerScript"/>
  <testcase name="testcase_09" time="3.087" classname="com.bankguru.testcase.EditCustomerScript"/>
  <testcase name="testcase_10" time="2.074" classname="com.bankguru.testcase.EditCustomerScript"/>
  <testcase name="testcase_02" time="0.656" classname="com.bankguru.testcase.EditCustomerScript"/>
  <testcase name="testcase_21" time="1.569" classname="com.bankguru.testcase.EditCustomerScript"/>
  <testcase name="testcase_22" time="2.024" classname="com.bankguru.testcase.EditCustomerScript"/>
  <testcase name="testcase_20" time="1.858" classname="com.bankguru.testcase.EditCustomerScript"/>
  <testcase name="testcase_08" time="2.652" classname="com.bankguru.testcase.EditCustomerScript"/>
  <testcase name="testcase_15" time="1.594" classname="com.bankguru.testcase.EditCustomerScript"/>
  <testcase name="testcase_12" time="2.225" classname="com.bankguru.testcase.EditCustomerScript"/>
  <testcase name="testcase_23" time="1.713" classname="com.bankguru.testcase.EditCustomerScript"/>
  <testcase name="testcase_04" time="1.880" classname="com.bankguru.testcase.EditCustomerScript"/>
  <testcase name="testcase_19" time="2.451" classname="com.bankguru.testcase.EditCustomerScript"/>
  <testcase name="testcase_17" time="1.682" classname="com.bankguru.testcase.EditCustomerScript"/>
  <testcase name="testcase_03" time="0.782" classname="com.bankguru.testcase.EditCustomerScript"/>
  <testcase name="testcase_01" time="0.648" classname="com.bankguru.testcase.EditCustomerScript"/>
  <testcase name="testcase_18" time="1.668" classname="com.bankguru.testcase.EditCustomerScript"/>
  <testcase name="testcase_11" time="2.054" classname="com.bankguru.testcase.EditCustomerScript"/>
  <testcase name="testcase_14" time="2.302" classname="com.bankguru.testcase.EditCustomerScript"/>
</testsuite> <!-- com.bankguru.testcase.EditCustomerScript -->
