<?xml version="1.0" encoding="UTF-8"?>
<!-- Generated by org.testng.reporters.JUnitReportReporter -->
<testsuite hostname="NHUTBM" name="com.bankguru.testcase.RegisterAccount" tests="1" failures="0" timestamp="21 Apr 2019 07:05:01 GMT" time="3.299" errors="0">
  <testcase name="getAccountRegister" time="3.299" classname="com.bankguru.testcase.RegisterAccount"/>
</testsuite> <!-- com.bankguru.testcase.RegisterAccount -->
