<?xml version="1.0" encoding="UTF-8"?>
<!-- Generated by org.testng.reporters.JUnitReportReporter -->
<testsuite hostname="NHUTBM" name="com.bankguru.testcase.LoginScript" tests="1" failures="0" timestamp="5 Apr 2019 09:31:10 GMT" time="11.279" errors="0">
  <testcase name="testcase_01" time="11.279" classname="com.bankguru.testcase.LoginScript"/>
</testsuite> <!-- com.bankguru.testcase.LoginScript -->
